2025-08-24 11:47:51.202 [info] [main] Log level: Info
2025-08-24 11:47:51.202 [info] [main] Validating found git in: "git"
2025-08-24 11:47:51.202 [info] [main] Using git "2.50.1" from "git"
2025-08-24 11:47:51.202 [info] [Model][doInitialScan] Initial repository scan started
2025-08-24 11:47:51.202 [info] > git rev-parse --show-toplevel [3ms]
2025-08-24 11:47:51.205 [info] > git rev-parse --git-dir --git-common-dir --show-superproject-working-tree [3ms]
2025-08-24 11:47:51.210 [info] [Model][openRepository] Opened repository (path): /home/andranik/andranikasd/dotfiles
2025-08-24 11:47:51.210 [info] [Model][openRepository] Opened repository (real path): /home/andranik/andranikasd/dotfiles
2025-08-24 11:47:51.210 [info] [Model][openRepository] Opened repository (kind): repository
2025-08-24 11:47:51.217 [info] > git config --get commit.template [3ms]
2025-08-24 11:47:51.218 [info] > git rev-parse --show-toplevel [2ms]
2025-08-24 11:47:51.222 [info] > git for-each-ref --format=%(refname)%00%(upstream:short)%00%(objectname)%00%(upstream:track)%00%(upstream:remotename)%00%(upstream:remoteref) refs/heads/master refs/remotes/master [2ms]
2025-08-24 11:47:51.224 [warning] [Git][revParse] Unable to read file: ENOENT: no such file or directory, open '/home/andranik/andranikasd/dotfiles/.git/refs/remotes/origin/master'
2025-08-24 11:47:51.224 [info] > git rev-parse --show-toplevel [2ms]
2025-08-24 11:47:51.225 [info] [Model][doInitialScan] Initial repository scan completed - repositories (1), closed repositories (0), parent repositories (0), unsafe repositories (0)
2025-08-24 11:47:51.225 [info] > git rev-parse refs/remotes/origin/master [1ms]
2025-08-24 11:47:51.231 [info] > git for-each-ref --sort -committerdate --format %(refname)%00%(objectname)%00%(*objectname) [1ms]
2025-08-24 11:47:51.236 [info] > git status -z -uall [9ms]
2025-08-24 11:47:51.250 [info] > git for-each-ref --format=%(refname)%00%(upstream:short)%00%(objectname)%00%(upstream:track)%00%(upstream:remotename)%00%(upstream:remoteref) refs/heads/master refs/remotes/master [3ms]
2025-08-24 11:47:51.253 [info] > git config --get commit.template [3ms]
2025-08-24 11:47:51.254 [info] > git config --get --local branch.master.vscode-merge-base [1ms]
2025-08-24 11:47:51.254 [warning] [Git][config] git config failed: Failed to execute git
2025-08-24 11:47:51.271 [info] > git reflog master --grep-reflog=branch: Created from *. [15ms]
2025-08-24 11:47:51.275 [info] > git symbolic-ref --short refs/remotes/origin/HEAD [2ms]
2025-08-24 11:47:51.278 [info] > git for-each-ref --format=%(refname)%00%(upstream:short)%00%(objectname)%00%(upstream:track)%00%(upstream:remotename)%00%(upstream:remoteref) refs/heads/master refs/remotes/master [7ms]
2025-08-24 11:47:51.282 [warning] [Git][revParse] Unable to read file: ENOENT: no such file or directory, open '/home/andranik/andranikasd/dotfiles/.git/refs/remotes/origin/master'
2025-08-24 11:47:51.283 [info] > git for-each-ref --format=%(refname)%00%(upstream:short)%00%(objectname)%00%(upstream:track)%00%(upstream:remotename)%00%(upstream:remoteref) refs/heads/origin/master refs/remotes/origin/master [5ms]
2025-08-24 11:47:51.289 [info] > git config --add --local branch.master.vscode-merge-base origin/master [3ms]
2025-08-24 11:47:51.290 [info] > git rev-parse refs/remotes/origin/master [8ms]
2025-08-24 11:47:51.294 [info] > git config --get commit.template [1ms]
2025-08-24 11:47:51.299 [info] > git for-each-ref --format=%(refname)%00%(upstream:short)%00%(objectname)%00%(upstream:track)%00%(upstream:remotename)%00%(upstream:remoteref) refs/heads/master refs/remotes/master [2ms]
2025-08-24 11:47:51.302 [warning] [Git][revParse] Unable to read file: ENOENT: no such file or directory, open '/home/andranik/andranikasd/dotfiles/.git/refs/remotes/origin/master'
2025-08-24 11:47:51.303 [info] > git rev-parse refs/remotes/origin/master [1ms]
2025-08-24 11:47:51.310 [info] > git status -z -uall [4ms]
2025-08-24 11:47:51.310 [info] > git for-each-ref --sort -committerdate --format %(refname)%00%(objectname)%00%(*objectname) [1ms]
2025-08-24 11:47:51.318 [info] > git merge-base refs/heads/master refs/remotes/origin/master [3ms]
2025-08-24 11:47:51.321 [info] > git merge-base refs/heads/master refs/remotes/origin/master [3ms]
2025-08-24 11:47:51.323 [info] > git diff --name-status -z --diff-filter=ADMR 3c5337c33d2fd2c3b7775920ab6bfe9b182817ff...refs/remotes/origin/master [3ms]
2025-08-24 11:47:51.323 [info] > git diff --name-status -z --diff-filter=ADMR 3c5337c33d2fd2c3b7775920ab6bfe9b182817ff...refs/remotes/origin/master [1ms]
2025-08-24 11:47:52.373 [info] > git config --get commit.template [3ms]
2025-08-24 11:47:52.375 [info] > git for-each-ref --format=%(refname)%00%(upstream:short)%00%(objectname)%00%(upstream:track)%00%(upstream:remotename)%00%(upstream:remoteref) refs/heads/master refs/remotes/master [2ms]
2025-08-24 11:47:52.377 [warning] [Git][revParse] Unable to read file: ENOENT: no such file or directory, open '/home/andranik/andranikasd/dotfiles/.git/refs/remotes/origin/master'
2025-08-24 11:47:52.378 [info] > git rev-parse refs/remotes/origin/master [1ms]
2025-08-24 11:47:52.384 [info] > git status -z -uall [3ms]
2025-08-24 11:47:52.385 [info] > git for-each-ref --sort -committerdate --format %(refname)%00%(objectname)%00%(*objectname) [2ms]
2025-08-24 11:48:02.933 [info] > git check-ignore -v -z --stdin [0ms]
2025-08-24 11:48:04.686 [info] > git show --textconv :starship.toml [3ms]
2025-08-24 11:48:04.687 [info] > git ls-files --stage -- starship.toml [1ms]
2025-08-24 11:48:04.691 [info] > git cat-file -s 78a3610d57e83ecb78c9b2c2692e7cae0c818354 [2ms]
2025-08-24 11:48:05.372 [info] > git blame --root --incremental 3c5337c33d2fd2c3b7775920ab6bfe9b182817ff -- starship.toml [2ms]
2025-08-24 11:48:10.789 [info] > git show --textconv :LICENSE [3ms]
2025-08-24 11:48:10.789 [info] > git ls-files --stage -- LICENSE [1ms]
2025-08-24 11:48:10.793 [info] > git cat-file -s 261eeb9e9f8b2b4b0d119366dda99c6fd7d35c64 [1ms]
2025-08-24 11:48:11.667 [info] > git show --textconv :starship.toml [3ms]
2025-08-24 11:48:11.668 [info] > git ls-files --stage -- starship.toml [1ms]
2025-08-24 11:48:11.670 [info] > git cat-file -s 78a3610d57e83ecb78c9b2c2692e7cae0c818354 [1ms]
2025-08-24 11:48:12.445 [info] > git show --textconv :README.md [2ms]
2025-08-24 11:48:12.446 [info] > git ls-files --stage -- README.md [1ms]
2025-08-24 11:48:12.449 [info] > git cat-file -s c596a0e03b80a67cf68d11b018c3af5998fe4746 [1ms]
2025-08-24 11:48:13.849 [info] > git show --textconv :setup-dotfiles.sh [4ms]
2025-08-24 11:48:13.849 [info] > git ls-files --stage -- setup-dotfiles.sh [1ms]
2025-08-24 11:48:13.852 [info] > git cat-file -s 7245e0b529db2a97460f63b55f9e6066a3f4b093 [0ms]
2025-08-24 11:48:13.867 [info] > git blame --root --incremental 3c5337c33d2fd2c3b7775920ab6bfe9b182817ff -- setup-dotfiles.sh [1ms]
2025-08-24 11:49:31.221 [info] > git check-ignore -v -z --stdin [2ms]
2025-08-24 11:49:31.791 [info] > git config --get commit.template [4ms]
2025-08-24 11:49:31.791 [info] > git for-each-ref --format=%(refname)%00%(upstream:short)%00%(objectname)%00%(upstream:track)%00%(upstream:remotename)%00%(upstream:remoteref) refs/heads/master refs/remotes/master [0ms]
2025-08-24 11:49:31.794 [warning] [Git][revParse] Unable to read file: ENOENT: no such file or directory, open '/home/andranik/andranikasd/dotfiles/.git/refs/remotes/origin/master'
2025-08-24 11:49:31.794 [info] > git rev-parse refs/remotes/origin/master [0ms]
2025-08-24 11:49:31.800 [info] > git status -z -uall [3ms]
2025-08-24 11:49:31.800 [info] > git for-each-ref --sort -committerdate --format %(refname)%00%(objectname)%00%(*objectname) [1ms]
2025-08-24 11:49:36.340 [info] > git show --textconv :_envcommon/aliases.sh [4ms]
2025-08-24 11:49:36.344 [info] > git ls-files --stage -- _envcommon/aliases.sh [4ms]
2025-08-24 11:49:36.347 [info] > git hash-object -t tree /dev/null [4ms]
2025-08-24 11:49:36.347 [warning] [GitFileSystemProvider][readFile] File not found - git:/home/andranik/andranikasd/dotfiles/_envcommon/aliases.sh.git?%7B%22path%22%3A%22%2Fhome%2Fandranik%2Fandranikasd%2Fdotfiles%2F_envcommon%2Faliases.sh%22%2C%22ref%22%3A%22%22%7D
2025-08-24 11:49:36.348 [info] > git hash-object -t tree /dev/null [2ms]
2025-08-24 11:49:36.348 [warning] [GitFileSystemProvider][stat] File not found - git:/home/andranik/andranikasd/dotfiles/_envcommon/aliases.sh.git?%7B%22path%22%3A%22%2Fhome%2Fandranik%2Fandranikasd%2Fdotfiles%2F_envcommon%2Faliases.sh%22%2C%22ref%22%3A%22%22%7D
2025-08-24 11:49:36.629 [info] > git check-ignore -v -z --stdin [1ms]
2025-08-24 11:49:37.189 [info] > git config --get commit.template [4ms]
2025-08-24 11:49:37.190 [info] > git for-each-ref --format=%(refname)%00%(upstream:short)%00%(objectname)%00%(upstream:track)%00%(upstream:remotename)%00%(upstream:remoteref) refs/heads/master refs/remotes/master [1ms]
2025-08-24 11:49:37.193 [warning] [Git][revParse] Unable to read file: ENOENT: no such file or directory, open '/home/andranik/andranikasd/dotfiles/.git/refs/remotes/origin/master'
2025-08-24 11:49:37.194 [info] > git rev-parse refs/remotes/origin/master [1ms]
2025-08-24 11:49:37.199 [info] > git status -z -uall [2ms]
2025-08-24 11:49:37.200 [info] > git for-each-ref --sort -committerdate --format %(refname)%00%(objectname)%00%(*objectname) [1ms]
2025-08-24 11:49:38.310 [info] > git show --textconv :aliases_general [4ms]
2025-08-24 11:49:38.311 [info] > git ls-files --stage -- aliases_general [2ms]
2025-08-24 11:49:38.314 [info] > git cat-file -s 05d8eae1e41f4a4ddd661ed8604afbd52f45cb1e [1ms]
2025-08-24 11:49:39.596 [info] > git blame --root --incremental 3c5337c33d2fd2c3b7775920ab6bfe9b182817ff -- aliases_general [3ms]
2025-08-24 11:49:43.846 [info] > git check-ignore -v -z --stdin [1ms]
2025-08-24 11:49:46.167 [info] > git config --get commit.template [4ms]
2025-08-24 11:49:46.168 [info] > git for-each-ref --format=%(refname)%00%(upstream:short)%00%(objectname)%00%(upstream:track)%00%(upstream:remotename)%00%(upstream:remoteref) refs/heads/master refs/remotes/master [1ms]
2025-08-24 11:49:46.171 [warning] [Git][revParse] Unable to read file: ENOENT: no such file or directory, open '/home/andranik/andranikasd/dotfiles/.git/refs/remotes/origin/master'
2025-08-24 11:49:46.172 [info] > git rev-parse refs/remotes/origin/master [1ms]
2025-08-24 11:49:46.177 [info] > git status -z -uall [3ms]
2025-08-24 11:49:46.178 [info] > git for-each-ref --sort -committerdate --format %(refname)%00%(objectname)%00%(*objectname) [1ms]
2025-08-24 11:49:52.207 [info] > git config --get commit.template [5ms]
2025-08-24 11:49:52.208 [info] > git for-each-ref --format=%(refname)%00%(upstream:short)%00%(objectname)%00%(upstream:track)%00%(upstream:remotename)%00%(upstream:remoteref) refs/heads/master refs/remotes/master [1ms]
2025-08-24 11:49:52.210 [warning] [Git][revParse] Unable to read file: ENOENT: no such file or directory, open '/home/andranik/andranikasd/dotfiles/.git/refs/remotes/origin/master'
2025-08-24 11:49:52.211 [info] > git rev-parse refs/remotes/origin/master [1ms]
2025-08-24 11:49:52.216 [info] > git status -z -uall [2ms]
2025-08-24 11:49:52.217 [info] > git for-each-ref --sort -committerdate --format %(refname)%00%(objectname)%00%(*objectname) [1ms]
2025-08-24 11:50:08.767 [info] > git config --get commit.template [1ms]
2025-08-24 11:50:08.772 [info] > git for-each-ref --format=%(refname)%00%(upstream:short)%00%(objectname)%00%(upstream:track)%00%(upstream:remotename)%00%(upstream:remoteref) refs/heads/master refs/remotes/master [1ms]
2025-08-24 11:50:08.774 [warning] [Git][revParse] Unable to read file: ENOENT: no such file or directory, open '/home/andranik/andranikasd/dotfiles/.git/refs/remotes/origin/master'
2025-08-24 11:50:08.775 [info] > git rev-parse refs/remotes/origin/master [1ms]
2025-08-24 11:50:08.780 [info] > git status -z -uall [3ms]
2025-08-24 11:50:08.781 [info] > git for-each-ref --sort -committerdate --format %(refname)%00%(objectname)%00%(*objectname) [1ms]
2025-08-24 11:50:13.791 [info] > git config --get commit.template [4ms]
2025-08-24 11:50:13.792 [info] > git for-each-ref --format=%(refname)%00%(upstream:short)%00%(objectname)%00%(upstream:track)%00%(upstream:remotename)%00%(upstream:remoteref) refs/heads/master refs/remotes/master [1ms]
2025-08-24 11:50:13.795 [warning] [Git][revParse] Unable to read file: ENOENT: no such file or directory, open '/home/andranik/andranikasd/dotfiles/.git/refs/remotes/origin/master'
2025-08-24 11:50:13.796 [info] > git rev-parse refs/remotes/origin/master [1ms]
2025-08-24 11:50:13.801 [info] > git status -z -uall [3ms]
2025-08-24 11:50:13.803 [info] > git for-each-ref --sort -committerdate --format %(refname)%00%(objectname)%00%(*objectname) [2ms]
2025-08-24 11:50:23.797 [info] > git config --get commit.template [5ms]
2025-08-24 11:50:23.799 [info] > git for-each-ref --format=%(refname)%00%(upstream:short)%00%(objectname)%00%(upstream:track)%00%(upstream:remotename)%00%(upstream:remoteref) refs/heads/master refs/remotes/master [2ms]
2025-08-24 11:50:23.801 [warning] [Git][revParse] Unable to read file: ENOENT: no such file or directory, open '/home/andranik/andranikasd/dotfiles/.git/refs/remotes/origin/master'
2025-08-24 11:50:23.802 [info] > git rev-parse refs/remotes/origin/master [1ms]
2025-08-24 11:50:23.809 [info] > git status -z -uall [3ms]
2025-08-24 11:50:23.810 [info] > git for-each-ref --sort -committerdate --format %(refname)%00%(objectname)%00%(*objectname) [1ms]
2025-08-24 11:50:28.001 [info] > git show --textconv :aliases_general [5ms]
2025-08-24 11:50:28.002 [info] > git ls-files --stage -- aliases_general [2ms]
2025-08-24 11:50:28.006 [info] > git cat-file -s 05d8eae1e41f4a4ddd661ed8604afbd52f45cb1e [1ms]
2025-08-24 11:50:28.821 [info] > git config --get commit.template [4ms]
2025-08-24 11:50:28.822 [info] > git for-each-ref --format=%(refname)%00%(upstream:short)%00%(objectname)%00%(upstream:track)%00%(upstream:remotename)%00%(upstream:remoteref) refs/heads/master refs/remotes/master [2ms]
2025-08-24 11:50:28.825 [warning] [Git][revParse] Unable to read file: ENOENT: no such file or directory, open '/home/andranik/andranikasd/dotfiles/.git/refs/remotes/origin/master'
2025-08-24 11:50:28.826 [info] > git rev-parse refs/remotes/origin/master [1ms]
2025-08-24 11:50:28.831 [info] > git status -z -uall [3ms]
2025-08-24 11:50:28.832 [info] > git for-each-ref --sort -committerdate --format %(refname)%00%(objectname)%00%(*objectname) [1ms]
2025-08-24 11:50:33.839 [info] > git config --get commit.template [1ms]
2025-08-24 11:50:33.843 [info] > git for-each-ref --format=%(refname)%00%(upstream:short)%00%(objectname)%00%(upstream:track)%00%(upstream:remotename)%00%(upstream:remoteref) refs/heads/master refs/remotes/master [1ms]
2025-08-24 11:50:33.845 [warning] [Git][revParse] Unable to read file: ENOENT: no such file or directory, open '/home/andranik/andranikasd/dotfiles/.git/refs/remotes/origin/master'
2025-08-24 11:50:33.846 [info] > git rev-parse refs/remotes/origin/master [1ms]
2025-08-24 11:50:33.851 [info] > git status -z -uall [3ms]
2025-08-24 11:50:33.851 [info] > git for-each-ref --sort -committerdate --format %(refname)%00%(objectname)%00%(*objectname) [1ms]
2025-08-24 11:50:38.084 [info] > git show --textconv :_envcommon/vimrc [4ms]
2025-08-24 11:50:38.084 [warning] [GitFileSystemProvider][readFile] File not found - git:/home/andranik/andranikasd/dotfiles/_envcommon/vimrc.git?%7B%22path%22%3A%22%2Fhome%2Fandranik%2Fandranikasd%2Fdotfiles%2F_envcommon%2Fvimrc%22%2C%22ref%22%3A%22%22%7D
2025-08-24 11:50:38.085 [info] > git ls-files --stage -- _envcommon/vimrc [2ms]
2025-08-24 11:50:38.085 [warning] [GitFileSystemProvider][stat] File not found - git:/home/andranik/andranikasd/dotfiles/_envcommon/vimrc.git?%7B%22path%22%3A%22%2Fhome%2Fandranik%2Fandranikasd%2Fdotfiles%2F_envcommon%2Fvimrc%22%2C%22ref%22%3A%22%22%7D
2025-08-24 11:50:38.374 [info] > git check-ignore -v -z --stdin [2ms]
2025-08-24 11:50:38.930 [info] > git config --get commit.template [4ms]
2025-08-24 11:50:38.931 [info] > git for-each-ref --format=%(refname)%00%(upstream:short)%00%(objectname)%00%(upstream:track)%00%(upstream:remotename)%00%(upstream:remoteref) refs/heads/master refs/remotes/master [1ms]
2025-08-24 11:50:38.934 [warning] [Git][revParse] Unable to read file: ENOENT: no such file or directory, open '/home/andranik/andranikasd/dotfiles/.git/refs/remotes/origin/master'
2025-08-24 11:50:38.934 [info] > git rev-parse refs/remotes/origin/master [0ms]
2025-08-24 11:50:38.939 [info] > git status -z -uall [2ms]
2025-08-24 11:50:38.939 [info] > git for-each-ref --sort -committerdate --format %(refname)%00%(objectname)%00%(*objectname) [0ms]
2025-08-24 11:50:49.923 [info] > git show --textconv :.vimrc [4ms]
2025-08-24 11:50:49.924 [info] > git ls-files --stage -- .vimrc [1ms]
2025-08-24 11:50:49.927 [info] > git cat-file -s f41850691126ecffc24f6c1e73978f8ab6105111 [1ms]
2025-08-24 11:50:50.207 [info] > git blame --root --incremental 3c5337c33d2fd2c3b7775920ab6bfe9b182817ff -- .vimrc [2ms]
2025-08-24 11:50:54.447 [info] > git config --get commit.template [4ms]
2025-08-24 11:50:54.448 [info] > git for-each-ref --format=%(refname)%00%(upstream:short)%00%(objectname)%00%(upstream:track)%00%(upstream:remotename)%00%(upstream:remoteref) refs/heads/master refs/remotes/master [1ms]
2025-08-24 11:50:54.451 [warning] [Git][revParse] Unable to read file: ENOENT: no such file or directory, open '/home/andranik/andranikasd/dotfiles/.git/refs/remotes/origin/master'
2025-08-24 11:50:54.452 [info] > git rev-parse refs/remotes/origin/master [1ms]
2025-08-24 11:50:54.457 [info] > git status -z -uall [3ms]
2025-08-24 11:50:54.458 [info] > git for-each-ref --sort -committerdate --format %(refname)%00%(objectname)%00%(*objectname) [1ms]
2025-08-24 11:50:59.784 [info] > git config --get commit.template [5ms]
2025-08-24 11:50:59.784 [info] > git for-each-ref --format=%(refname)%00%(upstream:short)%00%(objectname)%00%(upstream:track)%00%(upstream:remotename)%00%(upstream:remoteref) refs/heads/master refs/remotes/master [1ms]
2025-08-24 11:50:59.788 [warning] [Git][revParse] Unable to read file: ENOENT: no such file or directory, open '/home/andranik/andranikasd/dotfiles/.git/refs/remotes/origin/master'
2025-08-24 11:50:59.789 [info] > git rev-parse refs/remotes/origin/master [1ms]
2025-08-24 11:50:59.794 [info] > git status -z -uall [3ms]
2025-08-24 11:50:59.795 [info] > git for-each-ref --sort -committerdate --format %(refname)%00%(objectname)%00%(*objectname) [1ms]
2025-08-24 11:51:05.225 [info] > git show --textconv :aliases_git [4ms]
2025-08-24 11:51:05.225 [info] > git ls-files --stage -- aliases_git [1ms]
2025-08-24 11:51:05.227 [info] > git cat-file -s d5620d7f4a31003dadf60f8d1cea9ca566fba0c5 [0ms]
2025-08-24 11:51:05.234 [info] > git blame --root --incremental 3c5337c33d2fd2c3b7775920ab6bfe9b182817ff -- aliases_git [1ms]
2025-08-24 11:51:07.419 [info] > git show --textconv :aliases_kube [4ms]
2025-08-24 11:51:07.419 [info] > git ls-files --stage -- aliases_kube [1ms]
2025-08-24 11:51:07.423 [info] > git cat-file -s ccc18db8eeffba6c69b67badeb5771e5f1d93012 [1ms]
2025-08-24 12:36:14.460 [info] > git blame --root --incremental 3c5337c33d2fd2c3b7775920ab6bfe9b182817ff -- aliases_kube [3ms]
